<?xml version="1.0" encoding="utf-8"?><testsuites name="pytest tests"><testsuite name="pytest" errors="0" failures="0" skipped="0" tests="3" time="0.528" timestamp="2026-05-03T16:39:26.296735+00:00" hostname="agent-env-44736dce-b966-4f99-a2f0-c1ca61a58cf4"><testcase classname="backend.tests.test_serfix_api.TestSerfixPublicApi" name="test_health_endpoint_returns_serfix_message" time="0.320" /><testcase classname="backend.tests.test_serfix_api.TestSerfixPublicApi" name="test_get_inquiries_persists_created_record_and_excludes_mongo_id" time="0.100" /><testcase classname="backend.tests.test_serfix_api.TestSerfixPublicApi" name="test_create_inquiry_with_missing_required_fields_returns_422" time="0.047" /></testsuite></testsuites>